<?xml version="1.0" encoding="UTF-8"?>
<!-- Generated by org.testng.reporters.JUnitReportReporter -->
<testsuite hostname="LAPTOP-V6FB1HFO" failures="0" tests="1" name="testcases.SigninTest" time="35.939" errors="0" timestamp="2023-04-17T21:07:19 IST" skipped="0">
  <testcase classname="testcases.SigninTest" name="SignIn_ValidCredential" time="35.939"/>
  <system-out/>
</testsuite> <!-- testcases.SigninTest -->
