<?xml version="1.0" encoding="UTF-8"?>
<!-- Generated by org.testng.reporters.JUnitReportReporter -->
<testsuite hostname="LAPTOP-V6FB1HFO" failures="0" tests="1" name="testcases.CreateAccountTest" time="30.320" errors="0" timestamp="2023-04-12T18:45:49 IST" skipped="0">
  <testcase classname="testcases.CreateAccountTest" name="CreateAccount_USA" time="30.320"/>
  <system-out/>
</testsuite> <!-- testcases.CreateAccountTest -->
