<?xml version="1.0" encoding="UTF-8"?>
<!-- Generated by org.testng.reporters.JUnitReportReporter -->
<testsuite hostname="LAPTOP-V6FB1HFO" failures="0" tests="3" name="testcases.SigninTest" time="66.870" errors="0" timestamp="2023-04-07T14:09:47 IST" skipped="0">
  <testcase classname="testcases.SigninTest" name="SignIn_ValidCredential" time="21.014"/>
  <system-out/>
  <testcase classname="testcases.SigninTest" name="SignIn_inValidCredential" time="26.344"/>
  <system-out/>
  <testcase classname="testcases.SigninTest" name="SignUpPageCanada" time="19.512"/>
  <system-out/>
</testsuite> <!-- testcases.SigninTest -->
