<?xml version="1.0" encoding="UTF-8"?>
<!-- Generated by org.testng.reporters.JUnitReportReporter -->
<testsuite hostname="LAPTOP-V6FB1HFO" failures="0" tests="1" name="testcases.MenuNavigationTest" time="65.617" errors="0" timestamp="2023-04-07T14:09:47 IST" skipped="0">
  <testcase classname="testcases.MenuNavigationTest" name="Menulist" time="65.617"/>
  <system-out/>
</testsuite> <!-- testcases.MenuNavigationTest -->
