<?xml version="1.0" encoding="UTF-8"?>
<!-- Generated by org.testng.reporters.JUnitReportReporter -->
<testsuite hostname="LAPTOP-V6FB1HFO" failures="0" tests="1" name="testcases.AddItemsTest" time="116.879" errors="0" timestamp="2023-04-07T14:09:47 IST" skipped="0">
  <testcase classname="testcases.AddItemsTest" name="BrandName" time="116.879"/>
  <system-out/>
</testsuite> <!-- testcases.AddItemsTest -->
