<?xml version="1.0" encoding="UTF-8"?>
<!-- Generated by org.testng.reporters.JUnitReportReporter -->
<testsuite hostname="LAPTOP-V6FB1HFO" failures="0" tests="3" name="testcases.SearchbyItemTest" time="111.596" errors="0" timestamp="2023-04-07T14:09:47 IST" skipped="0">
  <testcase classname="testcases.SearchbyItemTest" name="Search_invalid_Item" time="31.145"/>
  <system-out/>
  <testcase classname="testcases.SearchbyItemTest" name="Product_Unavailable" time="8.781"/>
  <system-out/>
  <testcase classname="testcases.SearchbyItemTest" name="AddItem_BySearch" time="71.670"/>
  <system-out/>
</testsuite> <!-- testcases.SearchbyItemTest -->
