<?xml version="1.0" encoding="UTF-8"?>
<!-- Generated by org.testng.reporters.JUnitReportReporter -->
<testsuite hostname="LAPTOP-V6FB1HFO" failures="0" tests="3" name="testcases.SearchbyItemTest" time="261.167" errors="0" timestamp="2023-04-07T15:10:21 IST" skipped="0">
  <testcase classname="testcases.SearchbyItemTest" name="Search_invalid_Item" time="20.435"/>
  <system-out/>
  <testcase classname="testcases.SearchbyItemTest" name="AddItem_BySearch" time="232.112"/>
  <system-out/>
  <testcase classname="testcases.SearchbyItemTest" name="Product_Unavailable" time="8.620"/>
  <system-out/>
</testsuite> <!-- testcases.SearchbyItemTest -->
