<?xml version="1.0" encoding="UTF-8"?>
<!-- Generated by org.testng.reporters.JUnitReportReporter -->
<testsuite hostname="LAPTOP-V6FB1HFO" failures="0" tests="3" name="testcases.SigninTest" time="173.040" errors="0" timestamp="2023-04-07T15:10:21 IST" skipped="0">
  <testcase classname="testcases.SigninTest" name="SignIn_inValidCredential" time="61.785"/>
  <system-out/>
  <testcase classname="testcases.SigninTest" name="SignIn_ValidCredential" time="70.312"/>
  <system-out/>
  <testcase classname="testcases.SigninTest" name="SignUpPageCanada" time="40.943"/>
  <system-out/>
</testsuite> <!-- testcases.SigninTest -->
